2025-01-28 00:49:03,411 [INFO] Activator:176 - 


2025-01-28 00:49:03,413 [INFO] Activator:177 - !SESSION log4j initialized
2025-01-28 00:49:05,648 [INFO] LogOutputStream:77 - [STDOUT_REDIRECT] 
2025-01-28 00:49:17,552 [INFO] ApplicationProperties:184 - Using Application install path: C:\ST\STM32CubeIDE_1.17.0\STM32CubeIDE\plugins\com.st.stm32cube.common.mx_6.13.0.202411220809
2025-01-28 00:49:17,568 [INFO] DbMcusXml:78 - Set database path to: C:\ST\STM32CubeIDE_1.17.0\STM32CubeIDE\plugins\com.st.stm32cube.common.mx_6.13.0.202411220809\\db\/mcu/
2025-01-28 00:49:17,569 [INFO] ApiDb:274 - Set plugin database path to: C:\ST\STM32CubeIDE_1.17.0\STM32CubeIDE\plugins\com.st.stm32cube.common.mx_6.13.0.202411220809\\db\/plugins/boardmanager/
2025-01-28 00:49:17,570 [WARN] ApiDb:259 - Overriding images path with different value:  => C:\ST\STM32CubeIDE_1.17.0\STM32CubeIDE\plugins\com.st.stm32cube.common.mx_6.13.0.202411220809\\db\/plugins/mcufinder/images/
2025-01-28 00:49:17,576 [INFO] ApiDb:250 - Set database path to: C:\Users\mhmay\.stmcufinder\plugins\mcufinder//mcu/
2025-01-28 00:49:17,578 [INFO] DbMcusAds:125 - Set database path to: C:\Users\mhmay\.stmcufinder\plugins\mcufinder//mcu/
2025-01-28 00:49:17,582 [INFO] CrossReferenceDbSqlite:203 - Set database path to: C:\Users\mhmay\.stmcufinder\plugins\mcufinder//mcu/cs/
2025-01-28 00:49:17,710 [INFO] RulesReader:64 - Compatibility file has been processed (297 Rules)
2025-01-28 00:49:17,803 [INFO] DbMcusXml:78 - Set database path to: C:\ST\STM32CubeIDE_1.17.0\STM32CubeIDE\plugins\com.st.stm32cube.common.mx_6.13.0.202411220809\\db\/mcu/
2025-01-28 00:49:17,803 [INFO] ApiDb:274 - Set plugin database path to: C:\ST\STM32CubeIDE_1.17.0\STM32CubeIDE\plugins\com.st.stm32cube.common.mx_6.13.0.202411220809\\db\/plugins/boardmanager/
2025-01-28 00:49:17,803 [INFO] ApiDb:261 - Set plugin images path to: C:\ST\STM32CubeIDE_1.17.0\STM32CubeIDE\plugins\com.st.stm32cube.common.mx_6.13.0.202411220809\\db\/plugins/mcufinder/images/
2025-01-28 00:49:17,803 [WARN] DbFile:41 - Overriding database path with different value: C:\Users\mhmay\.stmcufinder\plugins\mcufinder/ => C:\Users\mhmay\.stmcufinder\plugins\mcufinder
2025-01-28 00:49:17,804 [INFO] ApiDb:250 - Set database path to: C:\Users\mhmay\.stmcufinder\plugins\mcufinder//mcu/
2025-01-28 00:49:17,804 [WARN] DbFile:41 - Overriding database path with different value: C:\Users\mhmay\.stmcufinder\plugins\mcufinder/ => C:\Users\mhmay\.stmcufinder\plugins\mcufinder
2025-01-28 00:49:17,804 [INFO] DbMcusAds:125 - Set database path to: C:\Users\mhmay\.stmcufinder\plugins\mcufinder//mcu/
2025-01-28 00:49:17,804 [WARN] DbFile:41 - Overriding database path with different value: C:\Users\mhmay\.stmcufinder\plugins\mcufinder/ => C:\Users\mhmay\.stmcufinder\plugins\mcufinder
2025-01-28 00:49:17,804 [WARN] DbFile:41 - Overriding database path with different value: C:\Users\mhmay\.stmcufinder\plugins\mcufinder/ => C:\Users\mhmay\.stmcufinder\plugins\mcufinder
2025-01-28 00:49:17,804 [INFO] CrossReferenceDbSqlite:203 - Set database path to: C:\Users\mhmay\.stmcufinder\plugins\mcufinder//mcu/cs/
2025-01-28 00:49:17,888 [INFO] MainPanel:272 - HeapMemory: 268435456
2025-01-28 00:49:17,983 [INFO] DbMcusXml:78 - Set database path to: C:\ST\STM32CubeIDE_1.17.0\STM32CubeIDE\plugins\com.st.stm32cube.common.mx_6.13.0.202411220809\\db\/mcu/
2025-01-28 00:49:17,984 [INFO] ApiDb:274 - Set plugin database path to: C:\ST\STM32CubeIDE_1.17.0\STM32CubeIDE\plugins\com.st.stm32cube.common.mx_6.13.0.202411220809\\db\/plugins/boardmanager/
2025-01-28 00:49:17,984 [INFO] ApiDb:261 - Set plugin images path to: C:\ST\STM32CubeIDE_1.17.0\STM32CubeIDE\plugins\com.st.stm32cube.common.mx_6.13.0.202411220809\\db\/plugins/mcufinder/images/
2025-01-28 00:49:17,984 [WARN] DbFile:41 - Overriding database path with different value: C:\Users\mhmay\.stmcufinder\plugins\mcufinder/ => C:\Users\mhmay\.stmcufinder\plugins\mcufinder
2025-01-28 00:49:17,984 [INFO] ApiDb:250 - Set database path to: C:\Users\mhmay\.stmcufinder\plugins\mcufinder//mcu/
2025-01-28 00:49:17,985 [WARN] DbFile:41 - Overriding database path with different value: C:\Users\mhmay\.stmcufinder\plugins\mcufinder/ => C:\Users\mhmay\.stmcufinder\plugins\mcufinder
2025-01-28 00:49:17,985 [INFO] DbMcusAds:125 - Set database path to: C:\Users\mhmay\.stmcufinder\plugins\mcufinder//mcu/
2025-01-28 00:49:17,985 [WARN] DbFile:41 - Overriding database path with different value: C:\Users\mhmay\.stmcufinder\plugins\mcufinder/ => C:\Users\mhmay\.stmcufinder\plugins\mcufinder
2025-01-28 00:49:17,985 [WARN] DbFile:41 - Overriding database path with different value: C:\Users\mhmay\.stmcufinder\plugins\mcufinder/ => C:\Users\mhmay\.stmcufinder\plugins\mcufinder
2025-01-28 00:49:17,985 [INFO] CrossReferenceDbSqlite:203 - Set database path to: C:\Users\mhmay\.stmcufinder\plugins\mcufinder//mcu/cs/
2025-01-28 00:49:18,005 [INFO] ApplicationProperties:184 - Using Application install path: C:\ST\STM32CubeIDE_1.17.0\STM32CubeIDE\plugins\com.st.stm32cube.common.mx_6.13.0.202411220809
2025-01-28 00:49:18,007 [INFO] PluginManage:196 - Search for loadable plugins [exclusion list=, ]
2025-01-28 00:49:18,008 [INFO] PluginManage:310 - Check plugin analytics
2025-01-28 00:49:27,246 [INFO] AnalyticsPlugin:253 - Accepted Software Licenses: 
2025-01-28 00:49:27,247 [INFO] AnalyticsPlugin:255 - Accepted CMSIS Pack Licenses: 
2025-01-28 00:49:27,247 [INFO] AnalyticsPlugin:257 - Accepted Firmware Licenses: 
2025-01-28 00:49:27,250 [INFO] PluginManage:359 - Loaded plugin analytics (category:tool,tabindex:-1)
2025-01-28 00:49:27,250 [INFO] PluginManage:310 - Check plugin cadmodel
2025-01-28 00:49:27,255 [INFO] CADModel:105 - Init CAD model plugin
2025-01-28 00:49:27,255 [INFO] PluginManage:359 - Loaded plugin cadmodel (category:power,tabindex:5)
2025-01-28 00:49:27,255 [INFO] PluginManage:310 - Check plugin clock
2025-01-28 00:49:27,264 [INFO] PluginManage:359 - Loaded plugin clock (category:base,tabindex:2)
2025-01-28 00:49:27,264 [INFO] PluginManage:310 - Check plugin ddr
2025-01-28 00:49:27,267 [INFO] PluginManage:359 - Loaded plugin ddr (category:tool,tabindex:6)
2025-01-28 00:49:27,267 [INFO] PluginManage:310 - Check plugin filemanager
2025-01-28 00:49:27,452 [INFO] PluginManage:359 - Loaded plugin filemanager (category:base,tabindex:10)
2025-01-28 00:49:27,452 [INFO] PluginManage:310 - Check plugin ipmanager
2025-01-28 00:49:27,479 [INFO] PluginManage:359 - Loaded plugin ipmanager (category:base,tabindex:5)
2025-01-28 00:49:27,480 [INFO] PluginManage:310 - Check plugin lpbam
2025-01-28 00:49:27,491 [INFO] PluginManage:359 - Loaded plugin lpbam (category:base,tabindex:0)
2025-01-28 00:49:27,491 [INFO] PluginManage:310 - Check plugin memorymap
2025-01-28 00:49:27,504 [INFO] PluginManage:359 - Loaded plugin memorymap (category:base,tabindex:4)
2025-01-28 00:49:27,504 [INFO] PluginManage:310 - Check plugin pinoutandconfiguration
2025-01-28 00:49:27,513 [INFO] PluginManage:359 - Loaded plugin pinoutandconfiguration (category:base,tabindex:1)
2025-01-28 00:49:27,513 [INFO] PluginManage:310 - Check plugin pinoutconfig
2025-01-28 00:49:27,612 [WARN] SupportedApi:132 - Cannot load RTOS API schema: s4s-elt-must-match.1: The content of 'definitions' must match (annotation?, (simpleType | complexType)?, (unique | key | keyref)*)). A problem was found starting at: attribute.
2025-01-28 00:49:27,761 [INFO] PluginManage:359 - Loaded plugin pinoutconfig (category:base,tabindex:0)
2025-01-28 00:49:27,762 [INFO] PluginManage:310 - Check plugin power
2025-01-28 00:49:27,770 [INFO] PluginManage:359 - Loaded plugin power (category:power,tabindex:4)
2025-01-28 00:49:27,771 [INFO] PluginManage:310 - Check plugin projectmanager
2025-01-28 00:49:27,790 [INFO] PluginManage:359 - Loaded plugin projectmanager (category:projectmanager,tabindex:4)
2025-01-28 00:49:27,790 [INFO] PluginManage:310 - Check plugin rif
2025-01-28 00:49:27,796 [INFO] PluginManage:359 - Loaded plugin rif (category:base,tabindex:3)
2025-01-28 00:49:27,796 [INFO] PluginManage:310 - Check plugin thirdparty
2025-01-28 00:49:27,943 [INFO] PluginManage:359 - Loaded plugin thirdparty (category:base,tabindex:-1)
2025-01-28 00:49:27,943 [WARN] IntegrityCheckThread:84 - waiting for thirdparty lock release [integrity check]
2025-01-28 00:49:27,943 [INFO] PluginManage:310 - Check plugin tools
2025-01-28 00:49:27,943 [INFO] IntegrityCheckThread:86 - entering critical section [integrity check]
2025-01-28 00:49:27,944 [INFO] ThirdPartyUpdaterWithRetryManager:70 - Updater plugin not ready yet. [1/15]
2025-01-28 00:49:27,946 [INFO] PluginManage:359 - Loaded plugin tools (category:base,tabindex:7)
2025-01-28 00:49:27,946 [INFO] PluginManage:310 - Check plugin tutovideos
2025-01-28 00:49:28,117 [INFO] PluginManage:359 - Loaded plugin tutovideos (category:base,tabindex:-1)
2025-01-28 00:49:28,117 [INFO] PluginManage:310 - Check plugin updater
2025-01-28 00:49:28,141 [INFO] PluginManage:359 - Loaded plugin updater (category:base,tabindex:12)
2025-01-28 00:49:28,141 [INFO] PluginManage:310 - Check plugin userauth
2025-01-28 00:49:28,144 [INFO] UserAuth:118 - Init User Auth plugin
2025-01-28 00:49:28,145 [INFO] PluginManage:359 - Loaded plugin userauth (category:base,tabindex:14)
2025-01-28 00:49:28,146 [INFO] PluginManage:283 - PluginManage : Loaded plugins [18]
2025-01-28 00:49:28,377 [INFO] PinOutPanel:1589 - setPackage(No Configuration,No Configuration)
2025-01-28 00:49:28,481 [INFO] CADModel:165 - CPN selected for project level
2025-01-28 00:49:28,481 [INFO] CADModel:114 - Register for checkConnection events
2025-01-28 00:49:28,496 [INFO] IPUIPlugin:80 - create IPUIPlugin
2025-01-28 00:49:28,496 [INFO] PluginManager:220 - loadIPPluginJar : add adc
2025-01-28 00:49:28,499 [INFO] IPUIPlugin:80 - create IPUIPlugin
2025-01-28 00:49:28,499 [INFO] PluginManager:220 - loadIPPluginJar : add aes
2025-01-28 00:49:28,501 [INFO] IPUIPlugin:80 - create IPUIPlugin
2025-01-28 00:49:28,502 [INFO] PluginManager:220 - loadIPPluginJar : add can
2025-01-28 00:49:28,503 [INFO] IPUIPlugin:80 - create IPUIPlugin
2025-01-28 00:49:28,504 [INFO] PluginManager:220 - loadIPPluginJar : add comp
2025-01-28 00:49:28,506 [INFO] IPUIPlugin:80 - create IPUIPlugin
2025-01-28 00:49:28,506 [INFO] PluginManager:220 - loadIPPluginJar : add cryp
2025-01-28 00:49:28,508 [INFO] IPUIPlugin:80 - create IPUIPlugin
2025-01-28 00:49:28,509 [INFO] PluginManager:220 - loadIPPluginJar : add ddr_ctrl_phy
2025-01-28 00:49:28,511 [INFO] IPUIPlugin:80 - create IPUIPlugin
2025-01-28 00:49:28,511 [INFO] PluginManager:220 - loadIPPluginJar : add dfsdm
2025-01-28 00:49:28,516 [INFO] IPUIPlugin:80 - create IPUIPlugin
2025-01-28 00:49:28,516 [INFO] PluginManager:220 - loadIPPluginJar : add dma
2025-01-28 00:49:28,519 [INFO] IPUIPlugin:80 - create IPUIPlugin
2025-01-28 00:49:28,519 [INFO] PluginManager:220 - loadIPPluginJar : add dma3
2025-01-28 00:49:28,522 [INFO] IPUIPlugin:80 - create IPUIPlugin
2025-01-28 00:49:28,522 [INFO] PluginManager:220 - loadIPPluginJar : add extmemmanager
2025-01-28 00:49:28,524 [INFO] IPUIPlugin:80 - create IPUIPlugin
2025-01-28 00:49:28,524 [INFO] PluginManager:220 - loadIPPluginJar : add fatfs
2025-01-28 00:49:28,528 [INFO] IPUIPlugin:80 - create IPUIPlugin
2025-01-28 00:49:28,528 [INFO] PluginManager:220 - loadIPPluginJar : add fmc
2025-01-28 00:49:28,534 [INFO] IPUIPlugin:80 - create IPUIPlugin
2025-01-28 00:49:28,534 [INFO] PluginManager:220 - loadIPPluginJar : add freertos
2025-01-28 00:49:28,536 [INFO] IPUIPlugin:80 - create IPUIPlugin
2025-01-28 00:49:28,536 [INFO] PluginManager:220 - loadIPPluginJar : add genericplugin
2025-01-28 00:49:28,539 [INFO] IPUIPlugin:80 - create IPUIPlugin
2025-01-28 00:49:28,539 [INFO] PluginManager:220 - loadIPPluginJar : add gfxmmu
2025-01-28 00:49:28,543 [INFO] IPUIPlugin:80 - create IPUIPlugin
2025-01-28 00:49:28,544 [INFO] PluginManager:220 - loadIPPluginJar : add gic
2025-01-28 00:49:28,547 [INFO] IPUIPlugin:80 - create IPUIPlugin
2025-01-28 00:49:28,548 [INFO] PluginManager:220 - loadIPPluginJar : add gpio
2025-01-28 00:49:28,550 [INFO] IPUIPlugin:80 - create IPUIPlugin
2025-01-28 00:49:28,551 [INFO] PluginManager:220 - loadIPPluginJar : add gtzc
2025-01-28 00:49:28,553 [INFO] IPUIPlugin:80 - create IPUIPlugin
2025-01-28 00:49:28,554 [INFO] PluginManager:220 - loadIPPluginJar : add hash
2025-01-28 00:49:28,557 [INFO] IPUIPlugin:80 - create IPUIPlugin
2025-01-28 00:49:28,557 [INFO] PluginManager:220 - loadIPPluginJar : add i2c
2025-01-28 00:49:28,559 [INFO] IPUIPlugin:80 - create IPUIPlugin
2025-01-28 00:49:28,560 [INFO] PluginManager:220 - loadIPPluginJar : add i2s
2025-01-28 00:49:28,563 [INFO] IPUIPlugin:80 - create IPUIPlugin
2025-01-28 00:49:28,563 [INFO] PluginManager:220 - loadIPPluginJar : add i3c
2025-01-28 00:49:28,566 [INFO] IPUIPlugin:80 - create IPUIPlugin
2025-01-28 00:49:28,566 [INFO] PluginManager:220 - loadIPPluginJar : add ipddr
2025-01-28 00:49:28,572 [INFO] IPUIPlugin:80 - create IPUIPlugin
2025-01-28 00:49:28,572 [INFO] PluginManager:220 - loadIPPluginJar : add linkedlist
2025-01-28 00:49:28,575 [INFO] IPUIPlugin:80 - create IPUIPlugin
2025-01-28 00:49:28,575 [INFO] PluginManager:220 - loadIPPluginJar : add lorawan
2025-01-28 00:49:28,577 [INFO] IPUIPlugin:80 - create IPUIPlugin
2025-01-28 00:49:28,577 [INFO] PluginManager:220 - loadIPPluginJar : add ltdc
2025-01-28 00:49:28,581 [INFO] IPUIPlugin:80 - create IPUIPlugin
2025-01-28 00:49:28,582 [INFO] PluginManager:220 - loadIPPluginJar : add mdma
2025-01-28 00:49:28,585 [INFO] IPUIPlugin:80 - create IPUIPlugin
2025-01-28 00:49:28,585 [INFO] PluginManager:220 - loadIPPluginJar : add nvic
2025-01-28 00:49:28,587 [INFO] IPUIPlugin:80 - create IPUIPlugin
2025-01-28 00:49:28,588 [INFO] PluginManager:220 - loadIPPluginJar : add opamp
2025-01-28 00:49:28,590 [INFO] IPUIPlugin:80 - create IPUIPlugin
2025-01-28 00:49:28,591 [INFO] PluginManager:220 - loadIPPluginJar : add openamp
2025-01-28 00:49:28,593 [INFO] IPUIPlugin:80 - create IPUIPlugin
2025-01-28 00:49:28,594 [INFO] PluginManager:220 - loadIPPluginJar : add pdm2pcm
2025-01-28 00:49:28,599 [INFO] IPUIPlugin:80 - create IPUIPlugin
2025-01-28 00:49:28,601 [INFO] PluginManager:220 - loadIPPluginJar : add plateformsettings
2025-01-28 00:49:28,603 [INFO] IPUIPlugin:80 - create IPUIPlugin
2025-01-28 00:49:28,604 [INFO] PluginManager:220 - loadIPPluginJar : add quadspi
2025-01-28 00:49:28,606 [INFO] IPUIPlugin:80 - create IPUIPlugin
2025-01-28 00:49:28,607 [INFO] PluginManager:220 - loadIPPluginJar : add radio
2025-01-28 00:49:28,610 [INFO] IPUIPlugin:80 - create IPUIPlugin
2025-01-28 00:49:28,610 [INFO] PluginManager:220 - loadIPPluginJar : add resmgrutility
2025-01-28 00:49:28,613 [INFO] IPUIPlugin:80 - create IPUIPlugin
2025-01-28 00:49:28,613 [INFO] PluginManager:220 - loadIPPluginJar : add sai
2025-01-28 00:49:28,616 [INFO] IPUIPlugin:80 - create IPUIPlugin
2025-01-28 00:49:28,616 [INFO] PluginManager:220 - loadIPPluginJar : add spi
2025-01-28 00:49:28,625 [INFO] IPUIPlugin:80 - create IPUIPlugin
2025-01-28 00:49:28,625 [INFO] PluginManager:220 - loadIPPluginJar : add stm32_wpan
2025-01-28 00:49:28,628 [INFO] IPUIPlugin:80 - create IPUIPlugin
2025-01-28 00:49:28,628 [INFO] PluginManager:220 - loadIPPluginJar : add tim
2025-01-28 00:49:28,631 [INFO] IPUIPlugin:80 - create IPUIPlugin
2025-01-28 00:49:28,631 [INFO] PluginManager:220 - loadIPPluginJar : add touchsensing
2025-01-28 00:49:28,633 [INFO] IPUIPlugin:80 - create IPUIPlugin
2025-01-28 00:49:28,633 [INFO] PluginManager:220 - loadIPPluginJar : add tracer_emb
2025-01-28 00:49:28,635 [INFO] IPUIPlugin:80 - create IPUIPlugin
2025-01-28 00:49:28,635 [INFO] PluginManager:220 - loadIPPluginJar : add ts
2025-01-28 00:49:28,637 [INFO] IPUIPlugin:80 - create IPUIPlugin
2025-01-28 00:49:28,637 [INFO] PluginManager:220 - loadIPPluginJar : add tsc
2025-01-28 00:49:28,639 [INFO] IPUIPlugin:80 - create IPUIPlugin
2025-01-28 00:49:28,639 [INFO] PluginManager:220 - loadIPPluginJar : add ucpd
2025-01-28 00:49:28,642 [INFO] IPUIPlugin:80 - create IPUIPlugin
2025-01-28 00:49:28,643 [INFO] PluginManager:220 - loadIPPluginJar : add usart
2025-01-28 00:49:28,646 [INFO] IPUIPlugin:80 - create IPUIPlugin
2025-01-28 00:49:28,646 [INFO] PluginManager:220 - loadIPPluginJar : add usbx
2025-01-28 00:49:28,796 [FATAL] Updater:351 - Updater called before beeing initialized
2025-01-28 00:49:28,836 [INFO] RulesReader:64 - Compatibility file has been processed (297 Rules)
2025-01-28 00:49:28,853 [INFO] RulesReader:64 - Compatibility file has been processed (297 Rules)
2025-01-28 00:49:28,861 [INFO] CADModel:165 - CPN selected for project level
2025-01-28 00:49:28,861 [INFO] CADModel:114 - Register for checkConnection events
2025-01-28 00:49:28,861 [FATAL] Updater:351 - Updater called before beeing initialized
2025-01-28 00:49:28,861 [ERROR] CADModel:125 - Updater not yet initialized, retry later 
2025-01-28 00:49:29,020 [FATAL] Updater:351 - Updater called before beeing initialized
2025-01-28 00:49:29,021 [INFO] CADModel:165 - CPN selected for project level
2025-01-28 00:49:29,021 [INFO] CADModel:114 - Register for checkConnection events
2025-01-28 00:49:29,022 [FATAL] Updater:351 - Updater called before beeing initialized
2025-01-28 00:49:29,022 [ERROR] CADModel:125 - Updater not yet initialized, retry later 
2025-01-28 00:49:29,025 [FATAL] Updater:351 - Updater called before beeing initialized
2025-01-28 00:49:29,155 [FATAL] Updater:351 - Updater called before beeing initialized
2025-01-28 00:49:29,160 [INFO] DbMcusAds:53 - JSON generation date=Tue Dec 17 19:01:15 AST 2024 (1734451275111)
2025-01-28 00:49:29,160 [FATAL] Updater:351 - Updater called before beeing initialized
2025-01-28 00:49:29,206 [WARN] DetailPanel:346 - Failed to get advertising image, set to default
2025-01-28 00:49:29,567 [FATAL] Updater:351 - Updater called before beeing initialized
2025-01-28 00:49:29,568 [FATAL] Updater:351 - Updater called before beeing initialized
2025-01-28 00:49:29,569 [FATAL] Updater:351 - Updater called before beeing initialized
2025-01-28 00:49:29,569 [WARN] DetailPanel:346 - Failed to get advertising image, set to default
2025-01-28 00:49:29,570 [FATAL] Updater:351 - Updater called before beeing initialized
2025-01-28 00:49:29,638 [ERROR] Updater:1198 - MainUpdater not yet initialized. External WinMGr cannot be set.
2025-01-28 00:49:29,640 [INFO] Updater:1134 - Updater Version found : 6.13.0
2025-01-28 00:49:29,656 [INFO] ApplicationProperties:184 - Using Application install path: C:\ST\STM32CubeIDE_1.17.0\STM32CubeIDE\plugins\com.st.stm32cube.common.mx_6.13.0.202411220809
2025-01-28 00:49:30,343 [INFO] MainUpdater:2872 - connection check result : 10
2025-01-28 00:49:30,344 [INFO] MainUpdater:289 - Updater Check For Update Now.
2025-01-28 00:49:30,344 [INFO] MicroXplorer:498 - Change Database Version : DB.6.0.130
2025-01-28 00:49:30,349 [INFO] McuFinderGlobals:63 - Set McuFinder mode to 2 (CubeIDE integrated)
2025-01-28 00:49:30,350 [INFO] UserAuth:486 - Internet connection configuration mode: 1
2025-01-28 00:49:30,375 [INFO] JxBrowserEngine:152 - Initiate JxBrowser Engine with user profile folder
2025-01-28 00:49:30,584 [INFO] CheckServerUpdateThread:120 - End of CheckServer Thread
2025-01-28 00:49:31,083 [INFO] WebApp:168 - Instantiating new browser for Auth
2025-01-28 00:49:31,364 [WARN] PackLoader:240 - Cannot read IP mode file for STMicroelectronics.FP-SNS-MOTENVWB1.1.4.0
2025-01-28 00:49:31,375 [WARN] PackLoader:240 - Cannot read IP mode file for STMicroelectronics.FP-ATR-ASTRA1.2.0.1
2025-01-28 00:49:31,385 [WARN] PackLoader:240 - Cannot read IP mode file for STMicroelectronics.X-CUBE-SMBUS.2.1.0
2025-01-28 00:49:31,395 [WARN] PackLoader:240 - Cannot read IP mode file for STMicroelectronics.X-CUBE-WB05N.1.1.0
2025-01-28 00:49:31,403 [WARN] PackLoader:240 - Cannot read IP mode file for STMicroelectronics.X-CUBE-TOUCHGFX.4.23.0
2025-01-28 00:49:31,407 [WARN] PackLoader:240 - Cannot read IP mode file for STMicroelectronics.X-CUBE-TOUCHGFX.4.23.2
2025-01-28 00:49:31,451 [WARN] PackLoader:240 - Cannot read IP mode file for STMicroelectronics.X-CUBE-AZRTOS-F7.1.1.0
2025-01-28 00:49:31,466 [WARN] PackLoader:240 - Cannot read IP mode file for STMicroelectronics.X-CUBE-AI.7.1.0
2025-01-28 00:49:31,476 [WARN] PackLoader:240 - Cannot read IP mode file for STMicroelectronics.FP-SNS-MOTENV1.4.3.2
2025-01-28 00:49:31,486 [WARN] PackLoader:240 - Cannot read IP mode file for STMicroelectronics.X-CUBE-BLE1.6.2.3
2025-01-28 00:49:31,562 [WARN] PackLoader:240 - Cannot read IP mode file for STMicroelectronics.X-CUBE-MEMS1.11.0.0
2025-01-28 00:49:31,776 [WARN] PackLoader:240 - Cannot read IP mode file for STMicroelectronics.X-CUBE-BLE1.6.2.4
2025-01-28 00:49:31,784 [WARN] PackLoader:240 - Cannot read IP mode file for STMicroelectronics.X-CUBE-BLE1.6.2.1
2025-01-28 00:49:31,790 [WARN] PackLoader:240 - Cannot read IP mode file for STMicroelectronics.X-CUBE-BLE2.3.2.1
2025-01-28 00:49:31,797 [WARN] PackLoader:240 - Cannot read IP mode file for STMicroelectronics.FP-SNS-FLIGHT1.5.0.2
2025-01-28 00:49:31,802 [WARN] PackLoader:240 - Cannot read IP mode file for STMicroelectronics.X-CUBE-BLE2.3.2.2
2025-01-28 00:49:31,835 [WARN] PackLoader:240 - Cannot read IP mode file for Infineon.AIROC-Wi-Fi-Bluetooth-STM32.1.7.0
2025-01-28 00:49:31,848 [WARN] PackLoader:240 - Cannot read IP mode file for STMicroelectronics.X-CUBE-TOUCHGFX.4.19.0
2025-01-28 00:49:31,866 [WARN] PackLoader:240 - Cannot read IP mode file for STMicroelectronics.X-CUBE-DISPLAY.3.0.0
2025-01-28 00:49:31,891 [WARN] PackLoader:240 - Cannot read IP mode file for STMicroelectronics.X-CUBE-BLE1.7.0.0
2025-01-28 00:49:31,904 [WARN] PackLoader:240 - Cannot read IP mode file for STMicroelectronics.X-CUBE-NFC10.1.0.0
2025-01-28 00:49:31,914 [WARN] PackLoader:240 - Cannot read IP mode file for STMicroelectronics.X-CUBE-AI.4.0.0
2025-01-28 00:49:32,053 [WARN] PackLoader:240 - Cannot read IP mode file for STMicroelectronics.X-CUBE-BLEMGR.4.0.0
2025-01-28 00:49:32,054 [INFO] WebApp:449 - Apply proxy settings
2025-01-28 00:49:32,055 [INFO] WebApp:534 - Chromium requires no authentication
2025-01-28 00:49:32,064 [WARN] PackLoader:240 - Cannot read IP mode file for emotas.I-CUBE-CANOPEN.1.3.0
2025-01-28 00:49:32,070 [INFO] WebApp:477 - Direct internet connection detected
2025-01-28 00:49:32,079 [WARN] PackLoader:240 - Cannot read IP mode file for STMicroelectronics.X-CUBE-SUBG2.4.2.0
2025-01-28 00:49:32,092 [WARN] PackLoader:240 - Cannot read IP mode file for STMicroelectronics.X-CUBE-BLEMGR.3.1.0
2025-01-28 00:49:32,099 [WARN] PackLoader:240 - Cannot read IP mode file for STMicroelectronics.X-CUBE-AI.10.0.0
2025-01-28 00:49:32,115 [WARN] PackLoader:240 - Cannot read IP mode file for STMicroelectronics.FP-SNS-SMARTAG2.1.2.0
2025-01-28 00:49:32,135 [INFO] WebApp:880 - Register for checkConnection events
2025-01-28 00:49:32,136 [INFO] WebApp:449 - Apply proxy settings
2025-01-28 00:49:32,136 [INFO] WebApp:534 - Chromium requires no authentication
2025-01-28 00:49:32,137 [INFO] WebApp:477 - Direct internet connection detected
2025-01-28 00:49:32,208 [WARN] PackLoader:240 - Cannot read IP mode file for STMicroelectronics.X-CUBE-MEMS1.11.1.0
2025-01-28 00:49:32,363 [INFO] LogOutputStream:77 - [STDOUT_REDIRECT] 1 : Invalid condition id : UX_CORESTACK_Condition cause : null
2025-01-28 00:49:32,365 [INFO] LogOutputStream:77 - [STDOUT_REDIRECT] 1 : Invalid condition id : UX_CORESTACK_Condition cause : null
2025-01-28 00:49:32,368 [INFO] LogOutputStream:77 - [STDOUT_REDIRECT] 1 : Invalid condition id : UX_CORESTACK_Condition cause : null
2025-01-28 00:49:32,371 [INFO] LogOutputStream:77 - [STDOUT_REDIRECT] 1 : Invalid condition id : UX_CORESTACK_Condition cause : null
2025-01-28 00:49:32,375 [INFO] LogOutputStream:77 - [STDOUT_REDIRECT] 1 : Invalid condition id : UX_CORESTACK_Condition cause : null
2025-01-28 00:49:32,379 [WARN] PackLoader:240 - Cannot read IP mode file for STMicroelectronics.X-CUBE-AZRTOS-WL.2.0.0
2025-01-28 00:49:32,388 [WARN] PackLoader:240 - Cannot read IP mode file for STMicroelectronics.X-CUBE-ALGOBUILD.1.2.1
2025-01-28 00:49:32,393 [WARN] PackLoader:240 - Cannot read IP mode file for STMicroelectronics.FP-SNS-MOTENV1.5.0.0
2025-01-28 00:49:32,400 [WARN] PackLoader:240 - Cannot read IP mode file for wolfSSL.I-CUBE-wolfMQTT.1.19.0
2025-01-28 00:49:32,411 [WARN] PackLoader:240 - Cannot read IP mode file for WES.I-CUBE-Cesium.1.3.0
2025-01-28 00:49:32,415 [WARN] PackLoader:240 - Cannot read IP mode file for STMicroelectronics.X-CUBE-BLE2.3.3.0
2025-01-28 00:49:32,433 [WARN] PackLoader:240 - Cannot read IP mode file for STMicroelectronics.X-CUBE-TOF1.3.2.0
2025-01-28 00:49:32,447 [WARN] PackLoader:240 - Cannot read IP mode file for STMicroelectronics.X-CUBE-NFC9.1.0.0
2025-01-28 00:49:32,457 [WARN] PackLoader:240 - Cannot read IP mode file for STMicroelectronics.X-CUBE-TCPP.4.1.0
2025-01-28 00:49:32,463 [WARN] PackLoader:240 - Cannot read IP mode file for STMicroelectronics.X-CUBE-TOUCHGFX.4.21.1
2025-01-28 00:49:32,468 [WARN] PackLoader:240 - Cannot read IP mode file for STMicroelectronics.X-CUBE-ALGOBUILD.1.3.0
2025-01-28 00:49:32,489 [WARN] PackLoader:240 - Cannot read IP mode file for STMicroelectronics.X-CUBE-AZRTOS-G0.1.1.0
2025-01-28 00:49:32,502 [WARN] PackLoader:240 - Cannot read IP mode file for STMicroelectronics.X-CUBE-SAFEA1.1.2.2
2025-01-28 00:49:32,512 [WARN] PackLoader:240 - Cannot read IP mode file for STMicroelectronics.X-CUBE-NFC4.3.0.0
2025-01-28 00:49:32,559 [WARN] PackLoader:240 - Cannot read IP mode file for SEGGER.I-CUBE-embOS.1.2.0
2025-01-28 00:49:32,585 [INFO] WebApp:221 - Starting web application
2025-01-28 00:49:32,586 [INFO] WebApp:579 - Web application path used C:\ST\STM32CubeIDE_1.17.0\STM32CubeIDE\plugins\com.st.stm32cube.common.mx_6.13.0.202411220809\db\plugins\mcufinder\reactClient1\index.html
2025-01-28 00:49:32,633 [WARN] PackLoader:240 - Cannot read IP mode file for EmbeddedOffice.I-CUBE-FS-RTOS.1.0.1
2025-01-28 00:49:32,639 [WARN] PackLoader:240 - Cannot read IP mode file for STMicroelectronics.X-CUBE-TOUCHGFX.4.17.0
2025-01-28 00:49:32,651 [WARN] PackLoader:240 - Cannot read IP mode file for STMicroelectronics.X-CUBE-BLEMGR.3.0.0
2025-01-28 00:49:32,663 [WARN] PackLoader:240 - Cannot read IP mode file for STMicroelectronics.X-CUBE-TCPP.4.2.0
2025-01-28 00:49:32,675 [WARN] PackLoader:240 - Cannot read IP mode file for RealThread.X-CUBE-RT-Thread_Nano.4.1.1
2025-01-28 00:49:32,682 [WARN] PackLoader:240 - Cannot read IP mode file for wolfSSL.I-CUBE-wolfSSL.5.7.0
2025-01-28 00:49:32,708 [WARN] PackLoader:240 - Cannot read IP mode file for STMicroelectronics.X-CUBE-AZRTOS-H7.2.0.0
2025-01-28 00:49:32,720 [WARN] PackLoader:240 - Cannot read IP mode file for STMicroelectronics.FP-ATR-SIGFOX1.3.2.0
2025-01-28 00:49:32,726 [WARN] PackLoader:240 - Cannot read IP mode file for wolfSSL.I-CUBE-wolfSSL.5.7.2
2025-01-28 00:49:32,730 [INFO] UserAuth:486 - Internet connection configuration mode: 1
2025-01-28 00:49:32,733 [WARN] ConditionMgr:438 - getConditionDescription Invalid condition id : Cortex-A Device cause : null
2025-01-28 00:49:32,750 [WARN] ConditionMgr:1044 - genDependencies : Invalid condition id : Cortex-A Device cause : null
2025-01-28 00:49:32,750 [WARN] ConditionMgr:1044 - genDependencies : Invalid condition id : Cortex-A Device cause : null
2025-01-28 00:49:32,750 [WARN] ConditionMgr:1044 - genDependencies : Invalid condition id : Cortex-A Device cause : null
2025-01-28 00:49:32,762 [WARN] PackLoader:240 - Cannot read IP mode file for STMicroelectronics.X-CUBE-EEPRMA1.5.1.0
2025-01-28 00:49:32,770 [WARN] PackLoader:240 - Cannot read IP mode file for emotas.I-CUBE-CANOPEN.1.1.2
2025-01-28 00:49:32,774 [WARN] PackLoader:240 - Cannot read IP mode file for wolfSSL.I-CUBE-wolfSSL.5.7.4
2025-01-28 00:49:32,781 [WARN] PackLoader:240 - Cannot read IP mode file for ITTIA_DB.I-CUBE-ITTIADB.8.9.0
2025-01-28 00:49:32,819 [INFO] WebApp:187 - Connection restablished
2025-01-28 00:49:32,835 [WARN] PackLoader:240 - Cannot read IP mode file for STMicroelectronics.X-CUBE-MEMS1.9.5.0
2025-01-28 00:49:32,992 [WARN] PackLoader:240 - Cannot read IP mode file for SEGGER.I-CUBE-embOS.1.3.1
2025-01-28 00:49:33,028 [WARN] PackLoader:240 - Cannot read IP mode file for STMicroelectronics.X-CUBE-ALGOBUILD.1.4.0
2025-01-28 00:49:33,035 [WARN] PackLoader:240 - Cannot read IP mode file for STMicroelectronics.X-CUBE-DISPLAY.2.0.1
2025-01-28 00:49:33,041 [WARN] PackLoader:240 - Cannot read IP mode file for STMicroelectronics.X-CUBE-AI.9.1.0
2025-01-28 00:49:33,047 [WARN] PackLoader:240 - Cannot read IP mode file for STMicroelectronics.X-CUBE-TOF1.3.0.0
2025-01-28 00:49:33,069 [WARN] PackLoader:240 - Cannot read IP mode file for STMicroelectronics.X-CUBE-GNSS1.6.0.0
2025-01-28 00:49:33,097 [WARN] PackLoader:240 - Cannot read IP mode file for STMicroelectronics.X-CUBE-AZRTOS-F4.1.1.0
2025-01-28 00:49:33,118 [WARN] PackLoader:240 - Cannot read IP mode file for STMicroelectronics.X-CUBE-ISPU.2.1.0
2025-01-28 00:49:33,126 [WARN] PackLoader:240 - Cannot read IP mode file for STMicroelectronics.X-CUBE-FREERTOS.1.2.0
2025-01-28 00:49:33,143 [WARN] PackLoader:240 - Cannot read IP mode file for STMicroelectronics.X-CUBE-AZRTOS-L5.2.0.0
2025-01-28 00:49:33,153 [WARN] PackLoader:240 - Cannot read IP mode file for STMicroelectronics.X-CUBE-NFC6.3.1.0
2025-01-28 00:49:33,158 [WARN] PackLoader:240 - Cannot read IP mode file for ITTIA_DB.I-CUBE-ITTIADB.8.8.0
2025-01-28 00:49:33,165 [WARN] PackLoader:240 - Cannot read IP mode file for STMicroelectronics.X-CUBE-BLEMGR.2.0.0
2025-01-28 00:49:33,172 [WARN] PackLoader:240 - Cannot read IP mode file for STMicroelectronics.X-CUBE-DPower.1.2.0
2025-01-28 00:49:33,177 [WARN] PackLoader:240 - Cannot read IP mode file for STMicroelectronics.X-CUBE-NFC4.2.0.3
2025-01-28 00:49:33,182 [WARN] PackLoader:240 - Cannot read IP mode file for wolfSSL.I-CUBE-wolfSSL.4.8.0
2025-01-28 00:49:33,185 [WARN] PackLoader:240 - Cannot read IP mode file for STMicroelectronics.X-CUBE-AI.9.0.0
2025-01-28 00:49:33,192 [WARN] PackLoader:240 - Cannot read IP mode file for STMicroelectronics.X-CUBE-SFXS2LP1.3.1.0
2025-01-28 00:49:33,209 [WARN] PackLoader:240 - Cannot read IP mode file for STMicroelectronics.X-CUBE-AZRTOS-F4.1.0.0
2025-01-28 00:49:33,217 [WARN] PackLoader:240 - Cannot read IP mode file for STMicroelectronics.X-CUBE-TOF1.2.0.0
2025-01-28 00:49:33,223 [WARN] PackLoader:240 - Cannot read IP mode file for STMicroelectronics.X-CUBE-FREERTOS.1.3.0
2025-01-28 00:49:33,230 [WARN] PackLoader:240 - Cannot read IP mode file for STMicroelectronics.X-CUBE-NFC7.1.0.1
2025-01-28 00:49:33,235 [WARN] PackLoader:240 - Cannot read IP mode file for STMicroelectronics.X-CUBE-NFC7.1.0.0
2025-01-28 00:49:33,242 [WARN] PackLoader:240 - Cannot read IP mode file for STMicroelectronics.X-CUBE-NFC6.3.0.0
2025-01-28 00:49:33,248 [WARN] PackLoader:240 - Cannot read IP mode file for STMicroelectronics.X-CUBE-EEPRMA1.4.1.0
2025-01-28 00:49:33,252 [WARN] PackLoader:240 - Cannot read IP mode file for STMicroelectronics.X-CUBE-DISPLAY.1.0.0
2025-01-28 00:49:33,257 [WARN] PackLoader:240 - Cannot read IP mode file for STMicroelectronics.X-CUBE-AI.8.1.0
2025-01-28 00:49:33,274 [WARN] PackLoader:240 - Cannot read IP mode file for STMicroelectronics.X-CUBE-AZRTOS-G0.1.0.0
2025-01-28 00:49:33,295 [WARN] ConditionMgr:438 - getConditionDescription Invalid condition id : LAN8742 Phy interface Condition cause : null
2025-01-28 00:49:33,296 [WARN] PackLoader:240 - Cannot read IP mode file for STMicroelectronics.X-CUBE-AZRTOS-L4.2.0.0
2025-01-28 00:49:33,298 [WARN] ConditionMgr:1044 - genDependencies : Invalid condition id : LAN8742 Phy interface Condition cause : null
2025-01-28 00:49:33,298 [WARN] ConditionMgr:1044 - genDependencies : Invalid condition id : LAN8742 Phy interface Condition cause : null
2025-01-28 00:49:33,299 [WARN] ConditionMgr:1044 - genDependencies : Invalid condition id : LAN8742 Phy interface Condition cause : null
2025-01-28 00:49:33,309 [WARN] ConditionMgr:438 - getConditionDescription Invalid condition id : LAN8742 Phy interface Condition cause : null
2025-01-28 00:49:33,553 [WARN] PackLoader:240 - Cannot read IP mode file for STMicroelectronics.X-CUBE-SFXS2LP1.4.0.0
2025-01-28 00:49:33,573 [WARN] PackLoader:240 - Cannot read IP mode file for STMicroelectronics.X-CUBE-AZRTOS-H7.3.0.0
2025-01-28 00:49:33,581 [WARN] PackLoader:240 - Cannot read IP mode file for STMicroelectronics.X-CUBE-ISPU.1.1.0
2025-01-28 00:49:33,602 [WARN] PackLoader:240 - Cannot read IP mode file for STMicroelectronics.X-CUBE-AZRTOS-H7.3.3.0
2025-01-28 00:49:33,620 [WARN] PackLoader:240 - Cannot read IP mode file for RoweBots.I-CUBE-UNISONRTOS.5.5.0-4
2025-01-28 00:49:33,625 [WARN] PackLoader:240 - Cannot read IP mode file for STMicroelectronics.X-CUBE-AI.8.0.0
2025-01-28 00:49:33,639 [WARN] PackLoader:240 - Cannot read IP mode file for STMicroelectronics.X-CUBE-IPS.3.0.0
2025-01-28 00:49:33,657 [WARN] ConditionMgr:438 - getConditionDescription Invalid condition id : UX DEVICE CLASS RTOS Condition cause : null
2025-01-28 00:49:33,657 [WARN] ConditionMgr:438 - getConditionDescription Invalid condition id : UX DEVICE CLASS RTOS Condition cause : null
2025-01-28 00:49:33,659 [WARN] PackLoader:240 - Cannot read IP mode file for STMicroelectronics.X-CUBE-AZRTOS-WB.2.0.0
2025-01-28 00:49:33,659 [WARN] ConditionMgr:1044 - genDependencies : Invalid condition id : UX DEVICE CLASS RTOS Condition cause : null
2025-01-28 00:49:33,659 [WARN] ConditionMgr:1044 - genDependencies : Invalid condition id : UX DEVICE CLASS RTOS Condition cause : null
2025-01-28 00:49:33,660 [WARN] ConditionMgr:1044 - genDependencies : Invalid condition id : UX DEVICE CLASS RTOS Condition cause : null
2025-01-28 00:49:33,660 [WARN] ConditionMgr:1044 - genDependencies : Invalid condition id : UX DEVICE CLASS RTOS Condition cause : null
2025-01-28 00:49:33,660 [WARN] ConditionMgr:1044 - genDependencies : Invalid condition id : UX DEVICE CLASS RTOS Condition cause : null
2025-01-28 00:49:33,666 [WARN] PackLoader:240 - Cannot read IP mode file for STMicroelectronics.X-CUBE-FREERTOS.1.0.0
2025-01-28 00:49:33,670 [WARN] PackLoader:240 - Cannot read IP mode file for STMicroelectronics.X-CUBE-GNSS1.7.0.0
2025-01-28 00:49:33,676 [WARN] PackLoader:240 - Cannot read IP mode file for STMicroelectronics.X-CUBE-GNSS1.7.0.1
2025-01-28 00:49:33,711 [WARN] PackLoader:240 - Cannot read IP mode file for STMicroelectronics.X-CUBE-MEMS1.9.0.0
2025-01-28 00:49:33,798 [WARN] PackLoader:240 - Cannot read IP mode file for STMicroelectronics.FP-SNS-STBOX1.2.0.0
2025-01-28 00:49:33,813 [WARN] PackLoader:240 - Cannot read IP mode file for STMicroelectronics.X-CUBE-AZRTOS-L5.1.1.0
2025-01-28 00:49:33,824 [WARN] PackLoader:240 - Cannot read IP mode file for STMicroelectronics.X-CUBE-SUBG2.5.0.0
2025-01-28 00:49:33,834 [WARN] PackLoader:240 - Cannot read IP mode file for Cesanta.I-CUBE-Mongoose.7.13.0
2025-01-28 00:49:33,847 [WARN] PackLoader:240 - Cannot read IP mode file for STMicroelectronics.X-CUBE-AZRTOS-G4.2.0.0
2025-01-28 00:49:33,852 [WARN] PackLoader:240 - Cannot read IP mode file for STMicroelectronics.FP-ATR-ASTRA1.1.1.1
2025-01-28 00:49:33,876 [WARN] PackLoader:240 - Cannot read IP mode file for Infineon.AIROC-Wi-Fi-Bluetooth-STM32.1.5.1
2025-01-28 00:49:33,882 [WARN] PackLoader:240 - Cannot read IP mode file for STMicroelectronics.FP-SNS-MOTENVWB1.1.3.1
2025-01-28 00:49:33,893 [WARN] PackLoader:240 - Cannot read IP mode file for STMicroelectronics.X-CUBE-AZRTOS-G4.1.0.0
2025-01-28 00:49:33,917 [WARN] PackLoader:240 - Cannot read IP mode file for STMicroelectronics.X-CUBE-AZRTOS-L4.1.0.0
2025-01-28 00:49:33,924 [WARN] PackLoader:240 - Cannot read IP mode file for STMicroelectronics.X-CUBE-ISPU.2.0.0
2025-01-28 00:49:33,933 [WARN] PackLoader:240 - Cannot read IP mode file for STMicroelectronics.X-CUBE-IPS.3.1.0
2025-01-28 00:49:33,941 [WARN] PackLoader:240 - Cannot read IP mode file for STMicroelectronics.X-CUBE-ALS.1.0.2
2025-01-28 00:49:33,971 [WARN] PackLoader:240 - Cannot read IP mode file for STMicroelectronics.X-CUBE-MEMS1.10.0.0
2025-01-28 00:49:34,066 [WARN] PackLoader:240 - Cannot read IP mode file for STMicroelectronics.X-CUBE-FREERTOS.1.1.0
2025-01-28 00:49:34,069 [WARN] PackLoader:240 - Cannot read IP mode file for STMicroelectronics.X-CUBE-TOUCHGFX.4.24.0
2025-01-28 00:49:34,082 [WARN] PackLoader:240 - Cannot read IP mode file for STMicroelectronics.X-CUBE-AZRTOS-F7.1.0.0
2025-01-28 00:49:34,087 [WARN] PackLoader:240 - Cannot read IP mode file for STMicroelectronics.X-CUBE-TOUCHGFX.4.24.2
2025-01-28 00:49:34,096 [WARN] PackLoader:240 - Cannot read IP mode file for STMicroelectronics.X-CUBE-AZRTOS-WL.1.0.0
2025-01-28 00:49:34,100 [WARN] PackLoader:240 - Cannot read IP mode file for STMicroelectronics.X-CUBE-TOUCHGFX.4.24.1
2025-01-28 00:49:34,133 [WARN] PackLoader:240 - Cannot read IP mode file for STMicroelectronics.X-CUBE-MEMS1.9.1.0
2025-01-28 00:49:34,247 [WARN] PackLoader:240 - Cannot read IP mode file for wolfSSL.I-CUBE-wolfTPM.3.4.0
2025-01-28 00:49:34,252 [WARN] PackLoader:240 - Cannot read IP mode file for portGmbH.I-Cube-SoM-uGOAL.1.1.0
2025-01-28 00:49:34,257 [WARN] PackLoader:240 - Cannot read IP mode file for STMicroelectronics.X-CUBE-ALS.1.0.1
2025-01-28 00:49:34,260 [WARN] PackLoader:240 - Cannot read IP mode file for STMicroelectronics.X-CUBE-AI.7.0.0
2025-01-28 00:49:34,270 [WARN] PackLoader:240 - Cannot read IP mode file for STMicroelectronics.X-CUBE-AZRTOS-WB.1.1.0
2025-01-28 00:49:34,283 [WARN] PackLoader:240 - Cannot read IP mode file for STMicroelectronics.X-CUBE-AZRTOS-L5.1.0.0
2025-01-28 00:49:34,289 [WARN] PackLoader:240 - Cannot read IP mode file for STMicroelectronics.X-CUBE-EEPRMA1.3.1.0
2025-01-28 00:49:34,292 [WARN] PackLoader:240 - Cannot read IP mode file for STMicroelectronics.X-CUBE-EEPRMA1.3.1.1
2025-01-28 00:49:34,307 [WARN] PackLoader:240 - Cannot read IP mode file for STMicroelectronics.X-CUBE-AZRTOS-H7RS.1.0.0
2025-01-28 00:49:34,314 [WARN] PackLoader:240 - Cannot read IP mode file for STMicroelectronics.X-CUBE-GNSS1.5.2.0
2025-01-28 00:49:34,318 [WARN] PackLoader:240 - Cannot read IP mode file for STMicroelectronics.FP-ATR-ASTRA1.2.0.0
2025-01-28 00:49:34,326 [WARN] PackLoader:240 - Cannot read IP mode file for STMicroelectronics.X-CUBE-TOF1.3.4.2
2025-01-28 00:49:34,347 [WARN] PackLoader:240 - Cannot read IP mode file for Infineon.AIROC-Wi-Fi-Bluetooth-STM32.1.6.1
2025-01-28 00:49:34,358 [WARN] PackLoader:240 - Cannot read IP mode file for STMicroelectronics.X-CUBE-TOF1.3.4.1
2025-01-28 00:49:34,381 [WARN] PackLoader:240 - Cannot read IP mode file for STMicroelectronics.X-CUBE-AZRTOS-H7.3.2.0
2025-01-28 00:49:34,398 [WARN] PackLoader:240 - Cannot read IP mode file for Infineon.AIROC-Wi-Fi-Bluetooth-STM32.1.6.0
2025-01-28 00:49:34,404 [WARN] PackLoader:240 - Cannot read IP mode file for wolfSSL.I-CUBE-wolfSSH.1.4.17
2025-01-28 00:49:34,404 [INFO] ThirdParty:978 - Integrity check success = true
2025-01-28 00:49:34,404 [INFO] IntegrityCheckThread:100 - exiting critical section [integrity check]
2025-01-28 00:49:34,405 [INFO] IntegrityCheckThread:103 - End integrity checks thread
2025-01-28 00:53:42,802 [ERROR] LogOutputStream:75 - [STDERR_REDIRECT] 
